\BOOKMARK [0][-]{chapter.1}{Empleo y lectura de instrumentos de medici\363n el\351ctrica para corriente y voltaje}{}% 1
\BOOKMARK [1][-]{section.1.1}{Objetivos}{chapter.1}% 2
\BOOKMARK [1][-]{section.1.2}{Investigaci\363n previa}{chapter.1}% 3
\BOOKMARK [1][-]{section.1.3}{Materiales y equipo}{chapter.1}% 4
\BOOKMARK [1][-]{section.1.4}{Procedimiento}{chapter.1}% 5
\BOOKMARK [0][-]{chapter.2}{Resistencia y resistividad}{}% 6
\BOOKMARK [1][-]{section.2.1}{Objetivos}{chapter.2}% 7
\BOOKMARK [1][-]{section.2.2}{Investigaci\363n previa}{chapter.2}% 8
\BOOKMARK [1][-]{section.2.3}{Materiales y equipo}{chapter.2}% 9
\BOOKMARK [1][-]{section.2.4}{Procedimiento}{chapter.2}% 10
\BOOKMARK [2][-]{subsection.2.4.1}{Resistividad}{section.2.4}% 11
\BOOKMARK [2][-]{subsection.2.4.2}{Resistencia}{section.2.4}% 12
\BOOKMARK [0][-]{chapter.3}{Circuitos en serie y paralelo}{}% 13
\BOOKMARK [1][-]{section.3.1}{Objetivos}{chapter.3}% 14
\BOOKMARK [1][-]{section.3.2}{Investigaci\363n previa}{chapter.3}% 15
\BOOKMARK [1][-]{section.3.3}{Materiales y equipo}{chapter.3}% 16
\BOOKMARK [1][-]{section.3.4}{Procedimiento}{chapter.3}% 17
\BOOKMARK [2][-]{subsection.3.4.1}{Circuitos en serie}{section.3.4}% 18
\BOOKMARK [2][-]{subsection.3.4.2}{Circuitos en paralelos}{section.3.4}% 19
\BOOKMARK [0][-]{chapter.4}{Taller de simulaci\363n de circuitos}{}% 20
\BOOKMARK [1][-]{section.4.1}{Objetivos}{chapter.4}% 21
\BOOKMARK [1][-]{section.4.2}{Investigaci\363n previa}{chapter.4}% 22
\BOOKMARK [1][-]{section.4.3}{Materiales y equipo}{chapter.4}% 23
\BOOKMARK [1][-]{section.4.4}{Procedimiento}{chapter.4}% 24
\BOOKMARK [0][-]{chapter.5}{Taller de implementaci\363n de un circuito en una protoboard}{}% 25
\BOOKMARK [1][-]{section.5.1}{Objetivos}{chapter.5}% 26
\BOOKMARK [1][-]{section.5.2}{Investigaci\363n previa}{chapter.5}% 27
\BOOKMARK [1][-]{section.5.3}{Consideraciones para la implementaci\363n del circuito}{chapter.5}% 28
\BOOKMARK [1][-]{section.5.4}{Materiales y Equipo}{chapter.5}% 29
\BOOKMARK [1][-]{section.5.5}{Procedimiento}{chapter.5}% 30
\BOOKMARK [0][-]{chapter.6}{An\341lisis de Mallas y Teorema de Superposici\363n}{}% 31
\BOOKMARK [1][-]{section.6.1}{Objetivos}{chapter.6}% 32
\BOOKMARK [1][-]{section.6.2}{Investigaci\363n previa}{chapter.6}% 33
\BOOKMARK [1][-]{section.6.3}{Materiales y equipo}{chapter.6}% 34
\BOOKMARK [1][-]{section.6.4}{Procedimiento}{chapter.6}% 35
\BOOKMARK [0][-]{chapter.7}{Taller sobre el osciloscopio y el generador de se\361ales}{}% 36
\BOOKMARK [1][-]{section.7.1}{Objetivos}{chapter.7}% 37
\BOOKMARK [1][-]{section.7.2}{Investigaci\363n previa}{chapter.7}% 38
\BOOKMARK [1][-]{section.7.3}{Materiales y equipo}{chapter.7}% 39
\BOOKMARK [1][-]{section.7.4}{Procedimiento}{chapter.7}% 40
\BOOKMARK [0][-]{chapter.8}{Teoremas de Th\351venin y m\341xima transferencia de potencia}{}% 41
\BOOKMARK [1][-]{section.8.1}{Objetivos}{chapter.8}% 42
\BOOKMARK [1][-]{section.8.2}{Investigaci\363n previa}{chapter.8}% 43
\BOOKMARK [1][-]{section.8.3}{Materiales y equipo}{chapter.8}% 44
\BOOKMARK [1][-]{section.8.4}{Procedimiento}{chapter.8}% 45
\BOOKMARK [0][-]{chapter.9}{Circuitos RL y RC}{}% 46
\BOOKMARK [1][-]{section.9.1}{Objetivos}{chapter.9}% 47
\BOOKMARK [1][-]{section.9.2}{Investigaci\363n previa}{chapter.9}% 48
\BOOKMARK [1][-]{section.9.3}{Materiales y equipo}{chapter.9}% 49
\BOOKMARK [1][-]{section.9.4}{Procedimiento}{chapter.9}% 50
\BOOKMARK [2][-]{subsection.9.4.1}{Circuito transitorio RC}{section.9.4}% 51
\BOOKMARK [2][-]{subsection.9.4.2}{Circuito transitorio RL}{section.9.4}% 52
\BOOKMARK [0][-]{chapter.10}{Valores eficaces}{}% 53
\BOOKMARK [1][-]{section.10.1}{Objetivos}{chapter.10}% 54
\BOOKMARK [1][-]{section.10.2}{Investigaci\363n previa}{chapter.10}% 55
\BOOKMARK [1][-]{section.10.3}{Materiales y equipo}{chapter.10}% 56
\BOOKMARK [1][-]{section.10.4}{Procedimiento}{chapter.10}% 57
\BOOKMARK [0][-]{chapter.11}{Circuitos mixto RLC en corriente alterna}{}% 58
\BOOKMARK [1][-]{section.11.1}{Objetivos}{chapter.11}% 59
\BOOKMARK [1][-]{section.11.2}{Investigaci\363n previa}{chapter.11}% 60
\BOOKMARK [1][-]{section.11.3}{Materiales y equipo}{chapter.11}% 61
\BOOKMARK [1][-]{section.11.4}{Procedimiento}{chapter.11}% 62
\BOOKMARK [0][-]{chapter.12}{Mejoramiento del factor de potencia}{}% 63
\BOOKMARK [1][-]{section.12.1}{Objetivos}{chapter.12}% 64
\BOOKMARK [1][-]{section.12.2}{Investigaci\363n previa}{chapter.12}% 65
\BOOKMARK [1][-]{section.12.3}{Materiales y equipo}{chapter.12}% 66
\BOOKMARK [1][-]{section.12.4}{Procedimiento}{chapter.12}% 67
\BOOKMARK [0][-]{appendix.Alph1}{El osciloscopio de rayos cat\363dicos}{}% 68
\BOOKMARK [0][-]{appendix.Alph2}{Gu\355a para la presentaci\363n de informes de laboratorio}{}% 69
\BOOKMARK [1][-]{section.Alph2.1}{Estructura}{appendix.Alph2}% 70
\BOOKMARK [0][-]{appendix.Alph3}{Lineamientos para la presentaci\363n de la bit\341cora}{}% 71
\BOOKMARK [0][-]{appendix.Alph4}{Seguridad en laboratorios de electricidad, instructivo para el estudiante}{}% 72
\BOOKMARK [0][-]{appendix.Alph5}{Normas de seguridad en el laboratorio}{}% 73
